{"contracts/FundMe.sol":{"l":{"22":3,"23":3,"32":2,"33":1,"34":1,"39":0,"40":0,"44":0,"45":0,"46":0,"48":0,"55":0,"56":0},"path":"/Users/KeeganLaptop/chainlink-bootcamp/hh-fund-me/contracts/FundMe.sol","s":{"1":2,"2":1,"3":0,"4":0,"5":0,"6":0,"7":0},"b":{"1":[1,1],"2":[0,0],"3":[0,0],"4":[0,0]},"f":{"1":3,"2":2,"3":0,"4":0},"fnMap":{"1":{"name":"constructor","line":21,"loc":{"start":{"line":21,"column":4},"end":{"line":24,"column":4}}},"2":{"name":"fund","line":31,"loc":{"start":{"line":31,"column":4},"end":{"line":35,"column":4}}},"3":{"name":"onlyOwner","line":37,"loc":{"start":{"line":37,"column":4},"end":{"line":41,"column":4}}},"4":{"name":"withdraw","line":43,"loc":{"start":{"line":43,"column":4},"end":{"line":57,"column":4}}}},"statementMap":{"1":{"start":{"line":32,"column":8},"end":{"line":32,"column":100}},"2":{"start":{"line":34,"column":8},"end":{"line":34,"column":31}},"3":{"start":{"line":39,"column":8},"end":{"line":39,"column":60}},"4":{"start":{"line":44,"column":8},"end":{"line":44,"column":1309}},"5":{"start":{"line":45,"column":12},"end":{"line":45,"column":49}},"6":{"start":{"line":55,"column":8},"end":{"line":55,"column":89}},"7":{"start":{"line":56,"column":8},"end":{"line":56,"column":42}}},"branchMap":{"1":{"line":32,"type":"if","locations":[{"start":{"line":32,"column":8},"end":{"line":32,"column":8}},{"start":{"line":32,"column":8},"end":{"line":32,"column":8}}]},"2":{"line":39,"type":"if","locations":[{"start":{"line":39,"column":8},"end":{"line":39,"column":8}},{"start":{"line":39,"column":8},"end":{"line":39,"column":8}}]},"3":{"line":43,"type":"if","locations":[{"start":{"line":43,"column":31},"end":{"line":43,"column":31}},{"start":{"line":43,"column":31},"end":{"line":43,"column":31}}]},"4":{"line":56,"type":"if","locations":[{"start":{"line":56,"column":8},"end":{"line":56,"column":8}},{"start":{"line":56,"column":8},"end":{"line":56,"column":8}}]}}},"contracts/PriceConverter.sol":{"l":{"13":2,"15":2,"24":2,"25":2,"27":2},"path":"/Users/KeeganLaptop/chainlink-bootcamp/hh-fund-me/contracts/PriceConverter.sol","s":{"1":2,"2":2,"3":2,"4":2,"5":2},"b":{},"f":{"1":2,"2":2},"fnMap":{"1":{"name":"getPrice","line":10,"loc":{"start":{"line":10,"column":4},"end":{"line":16,"column":4}}},"2":{"name":"getConversionRate","line":19,"loc":{"start":{"line":19,"column":4},"end":{"line":28,"column":4}}}},"statementMap":{"1":{"start":{"line":13,"column":8},"end":{"line":13,"column":61}},"2":{"start":{"line":15,"column":8},"end":{"line":15,"column":44}},"3":{"start":{"line":24,"column":8},"end":{"line":24,"column":46}},"4":{"start":{"line":25,"column":8},"end":{"line":25,"column":77}},"5":{"start":{"line":27,"column":8},"end":{"line":27,"column":29}}},"branchMap":{}},"contracts/test/MockV3Aggregator.sol":{"l":{},"path":"/Users/KeeganLaptop/chainlink-bootcamp/hh-fund-me/contracts/test/MockV3Aggregator.sol","s":{},"b":{},"f":{},"fnMap":{},"statementMap":{},"branchMap":{}}}